  GSMenu.cpp
src\GameStates\GSMenu.cpp(26): warning C4244: 'argument': conversion from 'int' to 'GLfloat', possible loss of data
src\GameStates\GSMenu.cpp(32): warning C4244: 'argument': conversion from 'int' to 'GLfloat', possible loss of data
src\GameStates\GSMenu.cpp(43): warning C4244: 'argument': conversion from 'int' to 'GLfloat', possible loss of data
src\GameStates\GSMenu.cpp(53): warning C4244: 'argument': conversion from 'int' to 'GLfloat', possible loss of data
src\GameStates\GSMenu.cpp(63): warning C4244: 'argument': conversion from 'int' to 'GLfloat', possible loss of data
C:\Program Files (x86)\Microsoft Visual Studio 14.0\VC\include\memory(901): warning C4244: 'argument': conversion from 'double' to 'float', possible loss of data
  C:\Program Files (x86)\Microsoft Visual Studio 14.0\VC\include\memory(971): note: see reference to function template instantiation 'std::_Ref_count_obj<_Ty>::_Ref_count_obj<std::shared_ptr<Shaders>&,std::shared_ptr<Font>&,const char(&)[12],TEXT_COLOR,double>(std::shared_ptr<Shaders> &,std::shared_ptr<Font> &,const char (&)[12],TEXT_COLOR &&,double &&)' being compiled
          with
          [
              _Ty=Text
          ]
  C:\Program Files (x86)\Microsoft Visual Studio 14.0\VC\include\memory(971): note: see reference to function template instantiation 'std::_Ref_count_obj<_Ty>::_Ref_count_obj<std::shared_ptr<Shaders>&,std::shared_ptr<Font>&,const char(&)[12],TEXT_COLOR,double>(std::shared_ptr<Shaders> &,std::shared_ptr<Font> &,const char (&)[12],TEXT_COLOR &&,double &&)' being compiled
          with
          [
              _Ty=Text
          ]
  src\GameStates\GSMenu.cpp(62): note: see reference to function template instantiation 'std::shared_ptr<Text> std::make_shared<Text,std::shared_ptr<Shaders>&,std::shared_ptr<Font>&,const char(&)[12],TEXT_COLOR,double>(std::shared_ptr<Shaders> &,std::shared_ptr<Font> &,const char (&)[12],TEXT_COLOR &&,double &&)' being compiled
LINK : warning LNK4098: defaultlib 'LIBCMT' conflicts with use of other libs; use /NODEFAULTLIB:library
  Generating code
  5 of 1497 functions ( 0.3%) were compiled, the rest were copied from previous compilation.
    3 functions were new in current compilation
    0 functions had inline decision re-evaluated but remain unchanged
  Finished generating code
  TrainingFramework.vcxproj -> C:\Users\Loc\Desktop\Programming_lesson_06\Programming_lesson_06\\BIN-Nvidia\TrainingFramework.exe
  TrainingFramework.vcxproj -> C:\Users\Loc\Desktop\Programming_lesson_06\Programming_lesson_06\\BIN-Nvidia\TrainingFramework.pdb (Full PDB)
