  GSPlay.cpp
src\GameStates\GSPlay.cpp(35): warning C4244: 'argument': conversion from 'int' to 'GLfloat', possible loss of data
C:\Program Files (x86)\Microsoft Visual Studio 14.0\VC\include\memory(901): warning C4244: 'argument': conversion from 'double' to 'float', possible loss of data
  C:\Program Files (x86)\Microsoft Visual Studio 14.0\VC\include\memory(971): note: see reference to function template instantiation 'std::_Ref_count_obj<_Ty>::_Ref_count_obj<std::shared_ptr<Shaders>&,std::shared_ptr<Font>&,const char(&)[10],TEXT_COLOR,double>(std::shared_ptr<Shaders> &,std::shared_ptr<Font> &,const char (&)[10],TEXT_COLOR &&,double &&)' being compiled
          with
          [
              _Ty=Text
          ]
  C:\Program Files (x86)\Microsoft Visual Studio 14.0\VC\include\memory(971): note: see reference to function template instantiation 'std::_Ref_count_obj<_Ty>::_Ref_count_obj<std::shared_ptr<Shaders>&,std::shared_ptr<Font>&,const char(&)[10],TEXT_COLOR,double>(std::shared_ptr<Shaders> &,std::shared_ptr<Font> &,const char (&)[10],TEXT_COLOR &&,double &&)' being compiled
          with
          [
              _Ty=Text
          ]
  src\GameStates\GSPlay.cpp(42): note: see reference to function template instantiation 'std::shared_ptr<Text> std::make_shared<Text,std::shared_ptr<Shaders>&,std::shared_ptr<Font>&,const char(&)[10],TEXT_COLOR,double>(std::shared_ptr<Shaders> &,std::shared_ptr<Font> &,const char (&)[10],TEXT_COLOR &&,double &&)' being compiled
LINK : warning LNK4098: defaultlib 'LIBCMT' conflicts with use of other libs; use /NODEFAULTLIB:library
  Generating code
  All 1690 functions were compiled because no usable IPDB/IOBJ from previous compilation was found.
  Finished generating code
  TrainingFramework.vcxproj -> C:\Users\Loc\Desktop\Programming_BuiHoangLoc\Programming_anim\Programming_anim\\BIN-Nvidia\TrainingFramework.exe
  TrainingFramework.vcxproj -> C:\Users\Loc\Desktop\Programming_BuiHoangLoc\Programming_anim\Programming_anim\\BIN-Nvidia\TrainingFramework.pdb (Full PDB)
